<?xml version="1.0" encoding="UTF-8"?>
<testng-results ignored="0" total="1" passed="1" failed="0" skipped="0">
  <reporter-output>
  </reporter-output>
  <suite started-at="2024-07-29T01:44:12 IST" name="Default suite" finished-at="2024-07-29T01:44:21 IST" duration-ms="9279">
    <groups>
    </groups>
    <test started-at="2024-07-29T01:44:12 IST" name="Default test" finished-at="2024-07-29T01:44:21 IST" duration-ms="9279">
      <class name="FirstCode">
        <test-method is-config="true" signature="setUp()[pri:0, instance:FirstCode@4310d43]" started-at="2024-07-29T01:44:12 IST" name="setUp" finished-at="2024-07-29T01:44:18 IST" duration-ms="6158" status="PASS">
          <reporter-output>
          </reporter-output>
        </test-method> <!-- setUp -->
        <test-method signature="test1()[pri:0, instance:FirstCode@4310d43]" started-at="2024-07-29T01:44:18 IST" name="test1" finished-at="2024-07-29T01:44:19 IST" duration-ms="1281" status="PASS">
          <reporter-output>
          </reporter-output>
        </test-method> <!-- test1 -->
        <test-method is-config="true" signature="tearDown()[pri:0, instance:FirstCode@4310d43]" started-at="2024-07-29T01:44:19 IST" name="tearDown" finished-at="2024-07-29T01:44:21 IST" duration-ms="1791" status="PASS">
          <reporter-output>
          </reporter-output>
        </test-method> <!-- tearDown -->
      </class> <!-- FirstCode -->
    </test> <!-- Default test -->
  </suite> <!-- Default suite -->
</testng-results>
