<?xml version="1.0" encoding="UTF-8"?>
<testng-results ignored="0" total="1" passed="1" failed="0" skipped="0">
  <reporter-output>
  </reporter-output>
  <suite started-at="2024-08-02T01:44:45 IST" name="Default suite" finished-at="2024-08-02T01:44:46 IST" duration-ms="852">
    <groups>
    </groups>
    <test started-at="2024-08-02T01:44:45 IST" name="Default test" finished-at="2024-08-02T01:44:46 IST" duration-ms="852">
      <class name="ExcelReadWrite">
        <test-method signature="excelOperations()[pri:0, instance:ExcelReadWrite@4dbb42b7]" started-at="2024-08-02T01:44:45 IST" name="excelOperations" finished-at="2024-08-02T01:44:46 IST" duration-ms="803" status="PASS">
          <reporter-output>
          </reporter-output>
        </test-method> <!-- excelOperations -->
      </class> <!-- ExcelReadWrite -->
    </test> <!-- Default test -->
  </suite> <!-- Default suite -->
</testng-results>
